
> sistema-comercial-final@0.0.0 dev
> vite


  VITE v6.4.1  ready in 222 ms

  ➜  Local:   http://localhost:3000/
  ➜  Network: http://192.168.0.2:3000/
11:33:00 PM [vite] Internal server error: Failed to resolve import "../services/sales" from "components/Level2_Responses.tsx". Does the file exist?
  Plugin: vite:import-analysis
  File: /app/Frontend/components/Level2_Responses.tsx:4:50
  2  |  var _s = $RefreshSig$();
  3  |  import { useState, useEffect } from "react";
  4  |  import { getOpportunities, moveOpportunity } from "../services/sales";
     |                                                     ^
  5  |  import {
  6  |    PlusIcon,
      at TransformPluginContext._formatLog (file:///app/Frontend/node_modules/vite/dist/node/chunks/dep-D4NMHUTW.js:42528:41)
      at TransformPluginContext.error (file:///app/Frontend/node_modules/vite/dist/node/chunks/dep-D4NMHUTW.js:42525:16)
      at normalizeUrl (file:///app/Frontend/node_modules/vite/dist/node/chunks/dep-D4NMHUTW.js:40504:23)
      at process.processTicksAndRejections (node:internal/process/task_queues:105:5)
      at async file:///app/Frontend/node_modules/vite/dist/node/chunks/dep-D4NMHUTW.js:40623:37
      at async Promise.all (index 2)
      at async TransformPluginContext.transform (file:///app/Frontend/node_modules/vite/dist/node/chunks/dep-D4NMHUTW.js:40550:7)
      at async EnvironmentPluginContainer.transform (file:///app/Frontend/node_modules/vite/dist/node/chunks/dep-D4NMHUTW.js:42323:18)
      at async loadAndTransform (file:///app/Frontend/node_modules/vite/dist/node/chunks/dep-D4NMHUTW.js:35739:27)
11:33:00 PM [vite] (client) Pre-transform error: Failed to resolve import "../services/sales" from "components/Level2_Responses.tsx". Does the file exist?
  Plugin: vite:import-analysis
  File: /app/Frontend/components/Level2_Responses.tsx:4:50
  2  |  var _s = $RefreshSig$();
  3  |  import { useState, useEffect } from "react";
  4  |  import { getOpportunities, moveOpportunity } from "../services/sales";
     |                                                     ^
  5  |  import {
  6  |    PlusIcon,
11:35:27 PM [vite] (client) hmr update /App.tsx
11:35:53 PM [vite] (client) Pre-transform error: Failed to resolve import "../services/sales" from "components/Level2_Responses.tsx". Does the file exist?
  Plugin: vite:import-analysis
  File: /app/Frontend/components/Level2_Responses.tsx:4:50
  2  |  var _s = $RefreshSig$();
  3  |  import { useState, useEffect } from "react";
  4  |  import { getOpportunities, moveOpportunity } from "../services/sales";
     |                                                     ^
  5  |  import {
  6  |    PlusIcon,
11:35:53 PM [vite] Internal server error: Failed to resolve import "../services/sales" from "components/Level2_Responses.tsx". Does the file exist?
  Plugin: vite:import-analysis
  File: /app/Frontend/components/Level2_Responses.tsx:4:50
  2  |  var _s = $RefreshSig$();
  3  |  import { useState, useEffect } from "react";
  4  |  import { getOpportunities, moveOpportunity } from "../services/sales";
     |                                                     ^
  5  |  import {
  6  |    PlusIcon,
      at TransformPluginContext._formatLog (file:///app/Frontend/node_modules/vite/dist/node/chunks/dep-D4NMHUTW.js:42528:41)
      at TransformPluginContext.error (file:///app/Frontend/node_modules/vite/dist/node/chunks/dep-D4NMHUTW.js:42525:16)
      at normalizeUrl (file:///app/Frontend/node_modules/vite/dist/node/chunks/dep-D4NMHUTW.js:40504:23)
      at process.processTicksAndRejections (node:internal/process/task_queues:105:5)
      at async file:///app/Frontend/node_modules/vite/dist/node/chunks/dep-D4NMHUTW.js:40623:37
      at async Promise.all (index 2)
      at async TransformPluginContext.transform (file:///app/Frontend/node_modules/vite/dist/node/chunks/dep-D4NMHUTW.js:40550:7)
      at async EnvironmentPluginContainer.transform (file:///app/Frontend/node_modules/vite/dist/node/chunks/dep-D4NMHUTW.js:42323:18)
      at async loadAndTransform (file:///app/Frontend/node_modules/vite/dist/node/chunks/dep-D4NMHUTW.js:35739:27)
      at async viteTransformMiddleware (file:///app/Frontend/node_modules/vite/dist/node/chunks/dep-D4NMHUTW.js:37254:24)
11:37:50 PM [vite] (client) hmr update /App.tsx
11:37:54 PM [vite] (client) Pre-transform error: Failed to resolve import "../services/sales" from "components/Level2_Responses.tsx". Does the file exist?
  Plugin: vite:import-analysis
  File: /app/Frontend/components/Level2_Responses.tsx:4:50
  2  |  var _s = $RefreshSig$();
  3  |  import { useState, useEffect } from "react";
  4  |  import { getOpportunities, moveOpportunity } from "../services/sales";
     |                                                     ^
  5  |  import {
  6  |    TrendingUpIcon,
11:37:54 PM [vite] Internal server error: Failed to resolve import "../services/sales" from "components/Level2_Responses.tsx". Does the file exist?
  Plugin: vite:import-analysis
  File: /app/Frontend/components/Level2_Responses.tsx:4:50
  2  |  var _s = $RefreshSig$();
  3  |  import { useState, useEffect } from "react";
  4  |  import { getOpportunities, moveOpportunity } from "../services/sales";
     |                                                     ^
  5  |  import {
  6  |    TrendingUpIcon,
      at TransformPluginContext._formatLog (file:///app/Frontend/node_modules/vite/dist/node/chunks/dep-D4NMHUTW.js:42528:41)
      at TransformPluginContext.error (file:///app/Frontend/node_modules/vite/dist/node/chunks/dep-D4NMHUTW.js:42525:16)
      at normalizeUrl (file:///app/Frontend/node_modules/vite/dist/node/chunks/dep-D4NMHUTW.js:40504:23)
      at process.processTicksAndRejections (node:internal/process/task_queues:105:5)
      at async file:///app/Frontend/node_modules/vite/dist/node/chunks/dep-D4NMHUTW.js:40623:37
      at async Promise.all (index 2)
      at async TransformPluginContext.transform (file:///app/Frontend/node_modules/vite/dist/node/chunks/dep-D4NMHUTW.js:40550:7)
      at async EnvironmentPluginContainer.transform (file:///app/Frontend/node_modules/vite/dist/node/chunks/dep-D4NMHUTW.js:42323:18)
      at async loadAndTransform (file:///app/Frontend/node_modules/vite/dist/node/chunks/dep-D4NMHUTW.js:35739:27)
      at async viteTransformMiddleware (file:///app/Frontend/node_modules/vite/dist/node/chunks/dep-D4NMHUTW.js:37254:24)
11:40:06 PM [vite] (client) hmr update /App.tsx
11:44:04 PM [vite] (client) hmr update /App.tsx
